2021-12-02 14:39:50.880  INFO 4496 --- [main] c.h.p.ProductrestapiApplication          : Starting ProductrestapiApplication using Java 17 on Hammad-PC with PID 4496 (E:\stsworkspace\productrestapi\target\classes started by Hammad in E:\stsworkspace\productrestapi)
2021-12-02 14:39:50.885  INFO 4496 --- [main] c.h.p.ProductrestapiApplication          : No active profile set, falling back to default profiles: default
2021-12-02 14:39:51.945  INFO 4496 --- [main] .s.d.r.c.RepositoryConfigurationDelegate : Bootstrapping Spring Data JPA repositories in DEFAULT mode.
2021-12-02 14:39:52.019  INFO 4496 --- [main] .s.d.r.c.RepositoryConfigurationDelegate : Finished Spring Data repository scanning in 60 ms. Found 1 JPA repository interfaces.
2021-12-02 14:39:52.836  INFO 4496 --- [main] o.s.b.w.embedded.tomcat.TomcatWebServer  : Tomcat initialized with port(s): 8080 (http)
2021-12-02 14:39:52.851  INFO 4496 --- [main] o.apache.catalina.core.StandardService   : Starting service [Tomcat]
2021-12-02 14:39:52.852  INFO 4496 --- [main] org.apache.catalina.core.StandardEngine  : Starting Servlet engine: [Apache Tomcat/9.0.55]
2021-12-02 14:39:53.004  INFO 4496 --- [main] o.a.c.c.C.[Tomcat].[localhost].[/]       : Initializing Spring embedded WebApplicationContext
2021-12-02 14:39:53.005  INFO 4496 --- [main] w.s.c.ServletWebServerApplicationContext : Root WebApplicationContext: initialization completed in 2030 ms
2021-12-02 14:39:53.413  INFO 4496 --- [main] com.zaxxer.hikari.HikariDataSource       : HikariPool-1 - Starting...
2021-12-02 14:39:54.067  INFO 4496 --- [main] com.zaxxer.hikari.HikariDataSource       : HikariPool-1 - Start completed.
2021-12-02 14:39:54.144  INFO 4496 --- [main] o.hibernate.jpa.internal.util.LogHelper  : HHH000204: Processing PersistenceUnitInfo [name: default]
2021-12-02 14:39:54.255  INFO 4496 --- [main] org.hibernate.Version                    : HHH000412: Hibernate ORM core version 5.4.32.Final
2021-12-02 14:39:54.614  INFO 4496 --- [main] o.hibernate.annotations.common.Version   : HCANN000001: Hibernate Commons Annotations {5.1.2.Final}
2021-12-02 14:39:54.862  INFO 4496 --- [main] org.hibernate.dialect.Dialect            : HHH000400: Using dialect: org.hibernate.dialect.MySQL8Dialect
2021-12-02 14:39:55.771  INFO 4496 --- [main] o.h.e.t.j.p.i.JtaPlatformInitiator       : HHH000490: Using JtaPlatform implementation: [org.hibernate.engine.transaction.jta.platform.internal.NoJtaPlatform]
2021-12-02 14:39:55.786  INFO 4496 --- [main] j.LocalContainerEntityManagerFactoryBean : Initialized JPA EntityManagerFactory for persistence unit 'default'
2021-12-02 14:39:56.202  WARN 4496 --- [main] JpaBaseConfiguration$JpaWebConfiguration : spring.jpa.open-in-view is enabled by default. Therefore, database queries may be performed during view rendering. Explicitly configure spring.jpa.open-in-view to disable this warning
2021-12-02 14:39:56.767  INFO 4496 --- [main] o.s.b.w.embedded.tomcat.TomcatWebServer  : Tomcat started on port(s): 8080 (http) with context path ''
2021-12-02 14:39:56.782  INFO 4496 --- [main] c.h.p.ProductrestapiApplication          : Started ProductrestapiApplication in 6.637 seconds (JVM running for 8.061)
2021-12-02 14:40:09.918  INFO 4496 --- [http-nio-8080-exec-1] o.a.c.c.C.[Tomcat].[localhost].[/]       : Initializing Spring DispatcherServlet 'dispatcherServlet'
2021-12-02 14:40:09.918  INFO 4496 --- [http-nio-8080-exec-1] o.s.web.servlet.DispatcherServlet        : Initializing Servlet 'dispatcherServlet'
2021-12-02 14:40:09.919  INFO 4496 --- [http-nio-8080-exec-1] o.s.web.servlet.DispatcherServlet        : Completed initialization in 1 ms
2021-12-02 14:40:18.021  INFO 4496 --- [http-nio-8080-exec-2] c.h.p.controllers.ProductRestCotroller   : Finding product by ID: 1
